<?xml version="1.0" encoding="UTF-8"?>
<testng-results ignored="0" total="1" passed="1" failed="0" skipped="0">
  <reporter-output>
  </reporter-output>
  <suite started-at="2019-08-08T09:41:57Z" name="Default suite" finished-at="2019-08-08T09:42:42Z" duration-ms="44204">
    <groups>
      <group name="cucumber">
        <method signature="AbstractTestNGCucumberTests.feature(cucumber.api.testng.CucumberFeatureWrapper)[pri:0, instance:cucumber.TestRunner.TestRunner@501edcf1]" name="feature" class="cucumber.api.testng.AbstractTestNGCucumberTests"/>
      </group> <!-- cucumber -->
    </groups>
    <test started-at="2019-08-08T09:41:57Z" name="Default test" finished-at="2019-08-08T09:42:42Z" duration-ms="44204">
      <class name="cucumber.TestRunner.TestRunner">
        <test-method is-config="true" signature="setUpClass()[pri:0, instance:cucumber.TestRunner.TestRunner@501edcf1]" started-at="2019-08-08T09:41:58Z" name="setUpClass" finished-at="2019-08-08T09:41:58Z" duration-ms="458" status="PASS">
          <reporter-output>
          </reporter-output>
        </test-method> <!-- setUpClass -->
        <test-method signature="feature(cucumber.api.testng.CucumberFeatureWrapper)[pri:0, instance:cucumber.TestRunner.TestRunner@501edcf1]" started-at="2019-08-08T09:41:58Z" name="feature" description="Runs Cucumber Feature" data-provider="features" finished-at="2019-08-08T09:42:41Z" duration-ms="43248" status="PASS">
          <params>
            <param index="0">
              <value>
                <![CDATA[Add a Bank Account]]>
              </value>
            </param>
          </params>
          <reporter-output>
          </reporter-output>
        </test-method> <!-- feature -->
        <test-method is-config="true" signature="tearDownClass()[pri:0, instance:cucumber.TestRunner.TestRunner@501edcf1]" started-at="2019-08-08T09:42:41Z" name="tearDownClass" finished-at="2019-08-08T09:42:42Z" duration-ms="281" status="PASS">
          <reporter-output>
          </reporter-output>
        </test-method> <!-- tearDownClass -->
      </class> <!-- cucumber.TestRunner.TestRunner -->
    </test> <!-- Default test -->
  </suite> <!-- Default suite -->
</testng-results>
