<?xml version="1.0" encoding="UTF-8"?>
<testng-results ignored="0" total="1" passed="1" failed="0" skipped="0">
  <reporter-output>
  </reporter-output>
  <suite started-at="2019-08-07T00:42:19Z" name="BankAccount" finished-at="2019-08-07T00:44:33Z" duration-ms="134089">
    <groups>
      <group name="cucumber">
        <method signature="AbstractTestNGCucumberTests.feature(cucumber.api.testng.CucumberFeatureWrapper)[pri:0, instance:cucumber.TestRunner.TestRunner@501edcf1]" name="feature" class="cucumber.api.testng.AbstractTestNGCucumberTests"/>
      </group> <!-- cucumber -->
    </groups>
    <test started-at="2019-08-07T00:42:19Z" name="AddBankAccount" finished-at="2019-08-07T00:44:33Z" duration-ms="134089">
      <class name="cucumber.TestRunner.TestRunner">
        <test-method is-config="true" signature="setUpClass()[pri:0, instance:cucumber.TestRunner.TestRunner@501edcf1]" started-at="2019-08-07T00:42:19Z" name="setUpClass" finished-at="2019-08-07T00:42:20Z" duration-ms="360" status="PASS">
          <reporter-output>
          </reporter-output>
        </test-method> <!-- setUpClass -->
        <test-method signature="feature(cucumber.api.testng.CucumberFeatureWrapper)[pri:0, instance:cucumber.TestRunner.TestRunner@501edcf1]" started-at="2019-08-07T00:42:20Z" name="feature" description="Runs Cucumber Feature" data-provider="features" finished-at="2019-08-07T00:44:33Z" duration-ms="133400" status="PASS">
          <params>
            <param index="0">
              <value>
                <![CDATA[Add a Bank Account]]>
              </value>
            </param>
          </params>
          <reporter-output>
          </reporter-output>
        </test-method> <!-- feature -->
        <test-method is-config="true" signature="tearDownClass()[pri:0, instance:cucumber.TestRunner.TestRunner@501edcf1]" started-at="2019-08-07T00:44:33Z" name="tearDownClass" finished-at="2019-08-07T00:44:33Z" duration-ms="171" status="PASS">
          <reporter-output>
          </reporter-output>
        </test-method> <!-- tearDownClass -->
      </class> <!-- cucumber.TestRunner.TestRunner -->
    </test> <!-- AddBankAccount -->
  </suite> <!-- BankAccount -->
</testng-results>
